0 info it worked if it ends with ok
1 verbose cli [ 'D:\\software\\nodejs\\node.exe',
1 verbose cli   'D:\\software\\nodejs\\node_modules\\npm\\bin\\npm-cli.js',
1 verbose cli   'run',
1 verbose cli   'serve',
1 verbose cli   '--scripts-prepend-node-path=auto' ]
2 info using npm@3.10.8
3 info using node@v6.9.1
4 verbose run-script [ 'preserve', 'serve', 'postserve' ]
5 info lifecycle webpack-template@1.0.0~preserve: webpack-template@1.0.0
6 silly lifecycle webpack-template@1.0.0~preserve: no script for preserve, continuing
7 info lifecycle webpack-template@1.0.0~serve: webpack-template@1.0.0
8 verbose lifecycle webpack-template@1.0.0~serve: unsafe-perm in lifecycle true
9 verbose lifecycle webpack-template@1.0.0~serve: PATH: D:\software\nvm\v6.9.1\node_modules\npm\bin\node-gyp-bin;E:\project\GIT\webpack-template\node_modules\.bin;C:\Windows\system32;C:\Windows;C:\Windows\System32\Wbem;C:\Windows\System32\WindowsPowerShell\v1.0\;C:\Windows\System32\OpenSSH\;D:\software\Git\cmd;D:\software\nvm;D:\software\nodejs;C:\Program Files (x86)\NVIDIA Corporation\PhysX\Common;C:\Program Files\NVIDIA Corporation\NVIDIA NvDLISR;D:\software\TortoiseGit\bin;C:\Program Files\dotnet\;C:\Program Files (x86)\dotnet\;C:\Users\ABC\AppData\Local\Microsoft\WindowsApps;D:\software\Microsoft VS Code\bin;D:\software\nvm;D:\software\nodejs;D:\software\anaconda3\Scripts;D:\software\anaconda3\Library\bin;D:\software\anaconda3\Lib\site-packages\numpy;D:\software\anaconda3\Lib\site-packages;D:\software\anaconda3;D:\software\platform-tools;C:\Users\ABC\AppData\Local\Pandoc\;D:\software\Nox\bin;D:\software\MongoDB\Server\4.4\bin;D:\software\Fiddler;D:\software\wamp64\bin\mysql\mysql8.0.21\bin;;D:\software\JetBrains\WebStorm 2021.1\bin;
10 verbose lifecycle webpack-template@1.0.0~serve: CWD: E:\project\GIT\webpack-template
11 silly lifecycle webpack-template@1.0.0~serve: Args: [ '/d /s /c', 'webpack serve --open' ]
12 silly lifecycle webpack-template@1.0.0~serve: Returned: code: 1  signal: null
13 info lifecycle webpack-template@1.0.0~serve: Failed to exec serve script
14 verbose stack Error: webpack-template@1.0.0 serve: `webpack serve --open`
14 verbose stack Exit status 1
14 verbose stack     at EventEmitter.<anonymous> (D:\software\nvm\v6.9.1\node_modules\npm\lib\utils\lifecycle.js:255:16)
14 verbose stack     at emitTwo (events.js:106:13)
14 verbose stack     at EventEmitter.emit (events.js:191:7)
14 verbose stack     at ChildProcess.<anonymous> (D:\software\nvm\v6.9.1\node_modules\npm\lib\utils\spawn.js:40:14)
14 verbose stack     at emitTwo (events.js:106:13)
14 verbose stack     at ChildProcess.emit (events.js:191:7)
14 verbose stack     at maybeClose (internal/child_process.js:877:16)
14 verbose stack     at Process.ChildProcess._handle.onexit (internal/child_process.js:226:5)
15 verbose pkgid webpack-template@1.0.0
16 verbose cwd E:\project\GIT\webpack-template
17 error Windows_NT 10.0.19043
18 error argv "D:\\software\\nodejs\\node.exe" "D:\\software\\nodejs\\node_modules\\npm\\bin\\npm-cli.js" "run" "serve" "--scripts-prepend-node-path=auto"
19 error node v6.9.1
20 error npm  v3.10.8
21 error code ELIFECYCLE
22 error webpack-template@1.0.0 serve: `webpack serve --open`
22 error Exit status 1
23 error Failed at the webpack-template@1.0.0 serve script 'webpack serve --open'.
23 error Make sure you have the latest version of node.js and npm installed.
23 error If you do, this is most likely a problem with the webpack-template package,
23 error not with npm itself.
23 error Tell the author that this fails on your system:
23 error     webpack serve --open
23 error You can get information on how to open an issue for this project with:
23 error     npm bugs webpack-template
23 error Or if that isn't available, you can get their info via:
23 error     npm owner ls webpack-template
23 error There is likely additional logging output above.
24 verbose exit [ 1, true ]
